1722486719063:login
1722486724481:logi 1 1
1722486730344:login 1 1
1722487141069:help
1722487145688:bill-total
1722487150682:city
1722487183924:login 1 1
1722487186556:city
1722487225930:1 1 login
1722487228573:login 1 1
1722487230176:city
1722487397159:bill-total 동두천시 가정용 10
1722487478441:login 1 1
1722487482098:bill-total 동두천시 가정용 10
1722487519586:llogin 1 1
1722487522523:login 1 1
1722487523422:bill-total 동두천시 가정용 10
1722487548881:login 1 1
1722487553927:bill-total 동두천시 가정용 10
1722487608584:login 1 1
1722487610217:bill-total 동두천시 가정용 10
1722487716675:login 1 1
1722487720283:bill-total 동두천시 가정용 10
1722494803439:login 1 1
1722494881662:login 2 2
1722494883627:login 1 3
1722494886106:login 1 1
1743938341324:login 11 11
1743938345995:login 1 1
1743938354746:logout
1743938358481:current-user
1743938363340:login 1 1
1743941631016:city
1743941638310:sector 동두천시
1743941663599:login 1 1
1743941668726:current-user
1743941670776:city
1743941675373:secotr 동두천시
1743941683122:sector 동두천시
1743941691538:bill-total 동두천시 가정용 10
1743941915173:login 1 1
1743941922249:bill-total 동두천시 가정용 10
1743941976670:login 1 1
1743941983654:bill-total 동두천시 가정용 10
